<?xml version="1.0" encoding="UTF-8"?>
<!-- Generated by org.testng.reporters.JUnitReportReporter -->
<testsuite skipped="1" hostname="DESKTOP-4MB2FDO" name="runner.RunQualithonTest" tests="1" failures="0" timestamp="2021-11-14T08:02:11 GMT" time="5.070" errors="0">
  <testcase name="runScenario" time="5.070" classname="runner.RunQualithonTest">
    <skipped/>
  </testcase> <!-- runScenario -->
  <system-out/>
</testsuite> <!-- runner.RunQualithonTest -->
