<?xml version="1.0" encoding="UTF-8"?>
<!-- Generated by org.testng.reporters.JUnitReportReporter -->
<testsuite skipped="0" hostname="DESKTOP-4MB2FDO" name="runner.RunQualithonTest" tests="1" failures="0" timestamp="2021-11-14T15:34:31 GMT" time="67.618" errors="0">
  <testcase name="runScenario" time="67.618" classname="runner.RunQualithonTest"/>
  <system-out/>
</testsuite> <!-- runner.RunQualithonTest -->
